<?xml version="1.0" encoding="UTF-8"?>
<testng-results skipped="0" failed="0" ignored="0" total="1" passed="1">
  <reporter-output>
  </reporter-output>
  <suite name="Surefire suite" duration-ms="14207" started-at="2022-05-17T10:32:07 CDT" finished-at="2022-05-17T10:32:21 CDT">
    <groups>
    </groups>
    <test name="Surefire test" duration-ms="14207" started-at="2022-05-17T10:32:07 CDT" finished-at="2022-05-17T10:32:21 CDT">
      <class name="com.herokuapp.theinternet.PositiveTest">
        <test-method status="PASS" signature="loginTest()[pri:0, instance:com.herokuapp.theinternet.PositiveTest@4232c52b]" name="loginTest" duration-ms="14171" started-at="2022-05-17T10:32:07 CDT" finished-at="2022-05-17T10:32:21 CDT">
          <reporter-output>
          </reporter-output>
        </test-method> <!-- loginTest -->
      </class> <!-- com.herokuapp.theinternet.PositiveTest -->
    </test> <!-- Surefire test -->
  </suite> <!-- Surefire suite -->
</testng-results>
